<?xml version="1.0" encoding="UTF-8"?>
<!-- Generated by org.testng.reporters.JUnitReportReporter -->
<testsuite hostname="LAPTOP-1ATVOVSF" failures="0" tests="5" name="testcases.FormFillingTest" time="32.902" errors="0" timestamp="2021-07-08T13:38:43 IST" skipped="0">
  <testcase classname="testcases.FormFillingTest" name="formFillTest" time="6.989"/>
  <system-out/>
  <testcase classname="testcases.FormFillingTest" name="formFillTest" time="6.175"/>
  <system-out/>
  <testcase classname="testcases.FormFillingTest" name="formFillTest" time="6.483"/>
  <system-out/>
  <testcase classname="testcases.FormFillingTest" name="formFillTest" time="7.152"/>
  <system-out/>
  <testcase classname="testcases.FormFillingTest" name="formFillTest" time="6.103"/>
  <system-out/>
</testsuite> <!-- testcases.FormFillingTest -->
