<?xml version="1.0" encoding="UTF-8"?>
<!-- Generated by org.testng.reporters.JUnitReportReporter -->
<testsuite hostname="LAPTOP-1ATVOVSF" failures="0" tests="1" name="first_fetch.First_Excel_Fetch" time="0.523" errors="0" timestamp="2021-07-07T20:31:19 IST" skipped="0">
  <testcase classname="first_fetch.First_Excel_Fetch" name="mn" time="0.523"/>
  <system-out/>
</testsuite> <!-- first_fetch.First_Excel_Fetch -->
